<?xml version="1.0" encoding="UTF-8"?>
<!-- Generated by org.testng.reporters.JUnitReportReporter -->
<testsuite name="com.pager.testcases.EnterChatTest" tests="1" time="1.621" ignored="0" failures="0" timestamp="31 May 2021 00:43:05 GMT" skipped="0" hostname="JESS-DELL-LAPTOP-PNJ8QBL" errors="0">
  <testcase name="joinChat" time="1.621" classname="com.pager.testcases.EnterChatTest"/>
</testsuite> <!-- com.pager.testcases.EnterChatTest -->
