<?xml version="1.0" encoding="UTF-8"?>
<!-- Generated by org.testng.reporters.JUnitReportReporter -->
<testsuite name="com.pager.testcases.EnterChat" tests="1" time="1.566" ignored="0" failures="0" timestamp="30 May 2021 20:10:59 GMT" skipped="0" hostname="JESS-DELL-LAPTOP-PNJ8QBL" errors="0">
  <testcase name="joinChat" time="1.566" classname="com.pager.testcases.EnterChat"/>
</testsuite> <!-- com.pager.testcases.EnterChat -->
