<?xml version="1.0" encoding="UTF-8"?>
<!-- Generated by org.testng.reporters.JUnitReportReporter -->
<testsuite name="com.pager.testcases.SendChatMessagesTest" tests="1" time="3.959" ignored="0" failures="0" timestamp="31 May 2021 03:08:08 GMT" skipped="0" hostname="JESS-DELL-LAPTOP-PNJ8QBL" errors="0">
  <testcase name="sendAMessage" time="3.959" classname="com.pager.testcases.SendChatMessagesTest"/>
</testsuite> <!-- com.pager.testcases.SendChatMessagesTest -->
