<?xml version="1.0" encoding="UTF-8"?>
<!-- Generated by org.testng.reporters.JUnitReportReporter -->
<testsuite name="com.pager.testcases.SignoutChatTest" tests="1" time="0.003" ignored="6" failures="0" timestamp="31 May 2021 00:05:03 GMT" skipped="1" hostname="JESS-DELL-LAPTOP-PNJ8QBL" errors="0">
  <testcase name="signout" time="0.003" classname="com.pager.testcases.SignoutChatTest">
    <skipped/>
  </testcase> <!-- signout -->
  <testcase name="setupSuite" classname="com.pager.pages.BaseClass">
    <skipped/>
  </testcase> <!-- setupSuite -->
  <testcase name="setupSuite" classname="com.pager.pages.BaseClass">
    <skipped/>
  </testcase> <!-- setupSuite -->
  <testcase name="setupSuite" classname="com.pager.pages.BaseClass">
    <skipped/>
  </testcase> <!-- setupSuite -->
  <testcase name="setup" classname="com.pager.pages.BaseClass">
    <skipped/>
  </testcase> <!-- setup -->
  <testcase name="setup" classname="com.pager.pages.BaseClass">
    <skipped/>
  </testcase> <!-- setup -->
  <testcase name="setup" classname="com.pager.pages.BaseClass">
    <skipped/>
  </testcase> <!-- setup -->
</testsuite> <!-- com.pager.testcases.SignoutChatTest -->
